mode: set
github.com/icemarkom/secure-backup/internal/encrypt/encrypt.go:30.50,32.22 1 1
github.com/icemarkom/secure-backup/internal/encrypt/encrypt.go:32.22,34.3 1 1
github.com/icemarkom/secure-backup/internal/encrypt/encrypt.go:36.2,36.20 1 1
github.com/icemarkom/secure-backup/internal/encrypt/encrypt.go:37.13,38.30 1 1
github.com/icemarkom/secure-backup/internal/encrypt/encrypt.go:39.13,41.63 1 1
github.com/icemarkom/secure-backup/internal/encrypt/encrypt.go:42.10,43.70 1 1
github.com/icemarkom/secure-backup/internal/encrypt/gpg.go:21.57,28.2 1 1
github.com/icemarkom/secure-backup/internal/encrypt/gpg.go:31.72,34.16 2 1
github.com/icemarkom/secure-backup/internal/encrypt/gpg.go:34.16,36.3 1 1
github.com/icemarkom/secure-backup/internal/encrypt/gpg.go:38.2,40.12 2 1
github.com/icemarkom/secure-backup/internal/encrypt/gpg.go:40.12,45.17 3 1
github.com/icemarkom/secure-backup/internal/encrypt/gpg.go:45.17,48.4 2 0
github.com/icemarkom/secure-backup/internal/encrypt/gpg.go:49.3,53.17 3 1
github.com/icemarkom/secure-backup/internal/encrypt/gpg.go:53.17,56.4 2 0
github.com/icemarkom/secure-backup/internal/encrypt/gpg.go:57.3,60.58 2 1
github.com/icemarkom/secure-backup/internal/encrypt/gpg.go:60.58,63.4 2 0
github.com/icemarkom/secure-backup/internal/encrypt/gpg.go:65.3,65.43 1 1
github.com/icemarkom/secure-backup/internal/encrypt/gpg.go:65.43,68.4 2 0
github.com/icemarkom/secure-backup/internal/encrypt/gpg.go:70.3,70.45 1 1
github.com/icemarkom/secure-backup/internal/encrypt/gpg.go:70.45,73.4 2 0
github.com/icemarkom/secure-backup/internal/encrypt/gpg.go:76.2,76.16 1 1
github.com/icemarkom/secure-backup/internal/encrypt/gpg.go:80.73,83.16 2 1
github.com/icemarkom/secure-backup/internal/encrypt/gpg.go:83.16,85.3 1 1
github.com/icemarkom/secure-backup/internal/encrypt/gpg.go:88.2,88.33 1 1
github.com/icemarkom/secure-backup/internal/encrypt/gpg.go:88.33,89.62 1 1
github.com/icemarkom/secure-backup/internal/encrypt/gpg.go:89.62,90.66 1 0
github.com/icemarkom/secure-backup/internal/encrypt/gpg.go:90.66,92.5 1 0
github.com/icemarkom/secure-backup/internal/encrypt/gpg.go:94.3,94.41 1 1
github.com/icemarkom/secure-backup/internal/encrypt/gpg.go:94.41,95.63 1 0
github.com/icemarkom/secure-backup/internal/encrypt/gpg.go:95.63,96.67 1 0
github.com/icemarkom/secure-backup/internal/encrypt/gpg.go:96.67,98.6 1 0
github.com/icemarkom/secure-backup/internal/encrypt/gpg.go:104.2,106.16 3 1
github.com/icemarkom/secure-backup/internal/encrypt/gpg.go:106.16,108.3 1 1
github.com/icemarkom/secure-backup/internal/encrypt/gpg.go:108.8,111.3 1 0
github.com/icemarkom/secure-backup/internal/encrypt/gpg.go:114.2,115.16 2 1
github.com/icemarkom/secure-backup/internal/encrypt/gpg.go:115.16,117.3 1 0
github.com/icemarkom/secure-backup/internal/encrypt/gpg.go:119.2,119.31 1 1
github.com/icemarkom/secure-backup/internal/encrypt/gpg.go:123.38,125.2 1 1
github.com/icemarkom/secure-backup/internal/encrypt/gpg.go:128.72,129.27 1 1
github.com/icemarkom/secure-backup/internal/encrypt/gpg.go:129.27,131.3 1 1
github.com/icemarkom/secure-backup/internal/encrypt/gpg.go:133.2,134.16 2 1
github.com/icemarkom/secure-backup/internal/encrypt/gpg.go:134.16,136.3 1 1
github.com/icemarkom/secure-backup/internal/encrypt/gpg.go:137.2,141.16 3 1
github.com/icemarkom/secure-backup/internal/encrypt/gpg.go:141.16,145.17 3 0
github.com/icemarkom/secure-backup/internal/encrypt/gpg.go:145.17,147.4 1 0
github.com/icemarkom/secure-backup/internal/encrypt/gpg.go:150.2,150.23 1 1
github.com/icemarkom/secure-backup/internal/encrypt/gpg.go:150.23,152.3 1 0
github.com/icemarkom/secure-backup/internal/encrypt/gpg.go:154.2,154.21 1 1
github.com/icemarkom/secure-backup/internal/encrypt/gpg.go:158.73,159.28 1 1
github.com/icemarkom/secure-backup/internal/encrypt/gpg.go:159.28,161.3 1 1
github.com/icemarkom/secure-backup/internal/encrypt/gpg.go:163.2,164.16 2 1
github.com/icemarkom/secure-backup/internal/encrypt/gpg.go:164.16,166.3 1 1
github.com/icemarkom/secure-backup/internal/encrypt/gpg.go:167.2,171.16 3 1
github.com/icemarkom/secure-backup/internal/encrypt/gpg.go:171.16,175.17 3 0
github.com/icemarkom/secure-backup/internal/encrypt/gpg.go:175.17,177.4 1 0
github.com/icemarkom/secure-backup/internal/encrypt/gpg.go:180.2,180.23 1 1
github.com/icemarkom/secure-backup/internal/encrypt/gpg.go:180.23,182.3 1 0
github.com/icemarkom/secure-backup/internal/encrypt/gpg.go:184.2,184.21 1 1
