mode: set
github.com/icemarkom/backup-docker/internal/compress/compress.go:27.52,29.22 1 1
github.com/icemarkom/backup-docker/internal/compress/compress.go:29.22,31.3 1 1
github.com/icemarkom/backup-docker/internal/compress/compress.go:33.2,33.20 1 1
github.com/icemarkom/backup-docker/internal/compress/compress.go:34.14,35.38 1 1
github.com/icemarkom/backup-docker/internal/compress/compress.go:36.14,38.65 1 1
github.com/icemarkom/backup-docker/internal/compress/compress.go:39.13,41.64 1 0
github.com/icemarkom/backup-docker/internal/compress/compress.go:42.10,43.71 1 1
github.com/icemarkom/backup-docker/internal/compress/gzip.go:17.60,18.16 1 1
github.com/icemarkom/backup-docker/internal/compress/gzip.go:18.16,20.3 1 1
github.com/icemarkom/backup-docker/internal/compress/gzip.go:23.2,23.62 1 1
github.com/icemarkom/backup-docker/internal/compress/gzip.go:23.62,25.3 1 1
github.com/icemarkom/backup-docker/internal/compress/gzip.go:27.2,27.43 1 1
github.com/icemarkom/backup-docker/internal/compress/gzip.go:31.71,34.12 2 1
github.com/icemarkom/backup-docker/internal/compress/gzip.go:34.12,38.17 3 1
github.com/icemarkom/backup-docker/internal/compress/gzip.go:38.17,41.4 2 0
github.com/icemarkom/backup-docker/internal/compress/gzip.go:42.3,44.47 2 1
github.com/icemarkom/backup-docker/internal/compress/gzip.go:44.47,47.4 2 0
github.com/icemarkom/backup-docker/internal/compress/gzip.go:49.3,49.36 1 1
github.com/icemarkom/backup-docker/internal/compress/gzip.go:49.36,52.4 2 0
github.com/icemarkom/backup-docker/internal/compress/gzip.go:55.2,55.16 1 1
github.com/icemarkom/backup-docker/internal/compress/gzip.go:59.73,61.16 2 1
github.com/icemarkom/backup-docker/internal/compress/gzip.go:61.16,63.3 1 1
github.com/icemarkom/backup-docker/internal/compress/gzip.go:65.2,67.12 2 1
github.com/icemarkom/backup-docker/internal/compress/gzip.go:67.12,71.44 3 1
github.com/icemarkom/backup-docker/internal/compress/gzip.go:71.44,74.4 2 0
github.com/icemarkom/backup-docker/internal/compress/gzip.go:77.2,77.16 1 1
github.com/icemarkom/backup-docker/internal/compress/gzip.go:81.45,83.2 1 1
github.com/icemarkom/backup-docker/internal/retention/policy.go:20.46,21.31 1 1
github.com/icemarkom/backup-docker/internal/retention/policy.go:21.31,23.3 1 1
github.com/icemarkom/backup-docker/internal/retention/policy.go:25.2,25.26 1 1
github.com/icemarkom/backup-docker/internal/retention/policy.go:25.26,27.3 1 0
github.com/icemarkom/backup-docker/internal/retention/policy.go:30.2,32.20 2 1
github.com/icemarkom/backup-docker/internal/retention/policy.go:32.20,36.3 3 0
github.com/icemarkom/backup-docker/internal/retention/policy.go:39.2,41.16 3 1
github.com/icemarkom/backup-docker/internal/retention/policy.go:41.16,43.3 1 0
github.com/icemarkom/backup-docker/internal/retention/policy.go:45.2,47.31 2 1
github.com/icemarkom/backup-docker/internal/retention/policy.go:47.31,49.17 2 1
github.com/icemarkom/backup-docker/internal/retention/policy.go:49.17,50.22 1 0
github.com/icemarkom/backup-docker/internal/retention/policy.go:50.22,52.5 1 0
github.com/icemarkom/backup-docker/internal/retention/policy.go:53.4,53.12 1 0
github.com/icemarkom/backup-docker/internal/retention/policy.go:57.3,57.23 1 1
github.com/icemarkom/backup-docker/internal/retention/policy.go:57.23,58.12 1 0
github.com/icemarkom/backup-docker/internal/retention/policy.go:62.3,62.44 1 1
github.com/icemarkom/backup-docker/internal/retention/policy.go:62.44,63.22 1 1
github.com/icemarkom/backup-docker/internal/retention/policy.go:63.22,67.5 1 0
github.com/icemarkom/backup-docker/internal/retention/policy.go:69.4,69.42 1 1
github.com/icemarkom/backup-docker/internal/retention/policy.go:69.42,70.23 1 0
github.com/icemarkom/backup-docker/internal/retention/policy.go:70.23,72.6 1 0
github.com/icemarkom/backup-docker/internal/retention/policy.go:73.5,73.13 1 0
github.com/icemarkom/backup-docker/internal/retention/policy.go:76.4,76.18 1 1
github.com/icemarkom/backup-docker/internal/retention/policy.go:80.2,80.20 1 1
github.com/icemarkom/backup-docker/internal/retention/policy.go:80.20,81.24 1 0
github.com/icemarkom/backup-docker/internal/retention/policy.go:81.24,83.4 1 0
github.com/icemarkom/backup-docker/internal/retention/policy.go:83.9,85.4 1 0
github.com/icemarkom/backup-docker/internal/retention/policy.go:88.2,88.26 1 1
github.com/icemarkom/backup-docker/internal/retention/policy.go:92.74,93.19 1 1
github.com/icemarkom/backup-docker/internal/retention/policy.go:93.19,95.3 1 0
github.com/icemarkom/backup-docker/internal/retention/policy.go:97.2,99.16 3 1
github.com/icemarkom/backup-docker/internal/retention/policy.go:99.16,101.3 1 0
github.com/icemarkom/backup-docker/internal/retention/policy.go:103.2,105.31 2 1
github.com/icemarkom/backup-docker/internal/retention/policy.go:105.31,107.17 2 1
github.com/icemarkom/backup-docker/internal/retention/policy.go:107.17,108.12 1 0
github.com/icemarkom/backup-docker/internal/retention/policy.go:111.3,111.23 1 1
github.com/icemarkom/backup-docker/internal/retention/policy.go:111.23,112.12 1 0
github.com/icemarkom/backup-docker/internal/retention/policy.go:115.3,121.5 1 1
github.com/icemarkom/backup-docker/internal/retention/policy.go:124.2,124.21 1 1
github.com/icemarkom/backup-docker/internal/retention/policy.go:137.40,141.14 3 0
github.com/icemarkom/backup-docker/internal/retention/policy.go:141.14,143.3 1 0
github.com/icemarkom/backup-docker/internal/retention/policy.go:144.2,144.15 1 0
github.com/icemarkom/backup-docker/internal/retention/policy.go:144.15,146.3 1 0
github.com/icemarkom/backup-docker/internal/retention/policy.go:147.2,148.36 2 0
github.com/icemarkom/backup-docker/internal/retention/policy.go:152.37,154.18 2 1
github.com/icemarkom/backup-docker/internal/retention/policy.go:154.18,156.3 1 1
github.com/icemarkom/backup-docker/internal/retention/policy.go:157.2,158.46 2 1
github.com/icemarkom/backup-docker/internal/retention/policy.go:158.46,161.3 2 1
github.com/icemarkom/backup-docker/internal/retention/policy.go:162.2,162.77 1 1
github.com/icemarkom/backup-docker/internal/retention/policy.go:166.41,171.2 1 1
github.com/icemarkom/backup-docker/internal/backup/backup.go:25.48,28.16 2 1
github.com/icemarkom/backup-docker/internal/backup/backup.go:28.16,30.3 1 1
github.com/icemarkom/backup-docker/internal/backup/backup.go:33.2,33.55 1 1
github.com/icemarkom/backup-docker/internal/backup/backup.go:33.55,35.3 1 0
github.com/icemarkom/backup-docker/internal/backup/backup.go:38.2,46.17 5 1
github.com/icemarkom/backup-docker/internal/backup/backup.go:46.17,49.3 2 0
github.com/icemarkom/backup-docker/internal/backup/backup.go:52.2,53.16 2 1
github.com/icemarkom/backup-docker/internal/backup/backup.go:53.16,55.3 1 0
github.com/icemarkom/backup-docker/internal/backup/backup.go:56.2,56.15 1 1
github.com/icemarkom/backup-docker/internal/backup/backup.go:56.15,59.17 2 1
github.com/icemarkom/backup-docker/internal/backup/backup.go:59.17,61.4 1 0
github.com/icemarkom/backup-docker/internal/backup/backup.go:65.2,65.53 1 1
github.com/icemarkom/backup-docker/internal/backup/backup.go:65.53,67.3 1 0
github.com/icemarkom/backup-docker/internal/backup/backup.go:70.2,72.17 2 1
github.com/icemarkom/backup-docker/internal/backup/backup.go:72.17,74.23 2 0
github.com/icemarkom/backup-docker/internal/backup/backup.go:74.23,76.4 1 0
github.com/icemarkom/backup-docker/internal/backup/backup.go:79.2,79.24 1 1
github.com/icemarkom/backup-docker/internal/backup/backup.go:83.58,99.12 7 1
github.com/icemarkom/backup-docker/internal/backup/backup.go:99.12,101.66 2 1
github.com/icemarkom/backup-docker/internal/backup/backup.go:101.66,105.4 3 0
github.com/icemarkom/backup-docker/internal/backup/backup.go:106.3,106.17 1 1
github.com/icemarkom/backup-docker/internal/backup/backup.go:110.2,111.24 2 1
github.com/icemarkom/backup-docker/internal/backup/backup.go:111.24,113.3 1 0
github.com/icemarkom/backup-docker/internal/backup/backup.go:116.2,117.23 2 1
github.com/icemarkom/backup-docker/internal/backup/backup.go:117.23,119.3 1 0
github.com/icemarkom/backup-docker/internal/backup/backup.go:122.2,122.54 1 1
github.com/icemarkom/backup-docker/internal/backup/backup.go:122.54,124.3 1 0
github.com/icemarkom/backup-docker/internal/backup/backup.go:127.2,127.34 1 1
github.com/icemarkom/backup-docker/internal/backup/backup.go:127.34,129.3 1 0
github.com/icemarkom/backup-docker/internal/backup/backup.go:131.2,131.12 1 1
github.com/icemarkom/backup-docker/internal/backup/backup.go:135.42,137.75 2 0
github.com/icemarkom/backup-docker/internal/backup/backup.go:137.75,138.49 1 0
github.com/icemarkom/backup-docker/internal/backup/backup.go:138.49,140.4 1 0
github.com/icemarkom/backup-docker/internal/backup/backup.go:141.3,141.13 1 0
github.com/icemarkom/backup-docker/internal/backup/backup.go:143.2,143.13 1 0
github.com/icemarkom/backup-docker/internal/backup/backup.go:147.37,149.18 2 1
github.com/icemarkom/backup-docker/internal/backup/backup.go:149.18,151.3 1 1
github.com/icemarkom/backup-docker/internal/backup/backup.go:152.2,153.46 2 1
github.com/icemarkom/backup-docker/internal/backup/backup.go:153.46,156.3 2 1
github.com/icemarkom/backup-docker/internal/backup/backup.go:157.2,157.77 1 1
github.com/icemarkom/backup-docker/internal/backup/restore.go:22.46,24.51 1 1
github.com/icemarkom/backup-docker/internal/backup/restore.go:24.51,26.3 1 1
github.com/icemarkom/backup-docker/internal/backup/restore.go:29.2,29.56 1 1
github.com/icemarkom/backup-docker/internal/backup/restore.go:29.56,31.3 1 0
github.com/icemarkom/backup-docker/internal/backup/restore.go:33.2,33.17 1 1
github.com/icemarkom/backup-docker/internal/backup/restore.go:33.17,36.3 2 0
github.com/icemarkom/backup-docker/internal/backup/restore.go:39.2,39.52 1 1
github.com/icemarkom/backup-docker/internal/backup/restore.go:39.52,41.3 1 0
github.com/icemarkom/backup-docker/internal/backup/restore.go:43.2,43.17 1 1
github.com/icemarkom/backup-docker/internal/backup/restore.go:43.17,45.3 1 0
github.com/icemarkom/backup-docker/internal/backup/restore.go:47.2,47.12 1 1
github.com/icemarkom/backup-docker/internal/backup/restore.go:51.54,54.16 2 1
github.com/icemarkom/backup-docker/internal/backup/restore.go:54.16,56.3 1 0
github.com/icemarkom/backup-docker/internal/backup/restore.go:57.2,61.16 3 1
github.com/icemarkom/backup-docker/internal/backup/restore.go:61.16,63.3 1 0
github.com/icemarkom/backup-docker/internal/backup/restore.go:66.2,67.16 2 1
github.com/icemarkom/backup-docker/internal/backup/restore.go:67.16,69.3 1 0
github.com/icemarkom/backup-docker/internal/backup/restore.go:72.2,72.77 1 1
github.com/icemarkom/backup-docker/internal/backup/restore.go:72.77,74.3 1 0
github.com/icemarkom/backup-docker/internal/backup/restore.go:76.2,76.12 1 1
github.com/icemarkom/backup-docker/internal/backup/verify.go:22.44,25.16 2 1
github.com/icemarkom/backup-docker/internal/backup/verify.go:25.16,27.3 1 1
github.com/icemarkom/backup-docker/internal/backup/verify.go:29.2,29.17 1 1
github.com/icemarkom/backup-docker/internal/backup/verify.go:29.17,31.3 1 0
github.com/icemarkom/backup-docker/internal/backup/verify.go:33.2,33.15 1 1
github.com/icemarkom/backup-docker/internal/backup/verify.go:33.15,36.3 1 1
github.com/icemarkom/backup-docker/internal/backup/verify.go:39.2,39.24 1 1
github.com/icemarkom/backup-docker/internal/backup/verify.go:43.42,45.16 2 1
github.com/icemarkom/backup-docker/internal/backup/verify.go:45.16,47.3 1 0
github.com/icemarkom/backup-docker/internal/backup/verify.go:48.2,53.33 4 1
github.com/icemarkom/backup-docker/internal/backup/verify.go:53.33,55.3 1 0
github.com/icemarkom/backup-docker/internal/backup/verify.go:58.2,59.25 2 1
github.com/icemarkom/backup-docker/internal/backup/verify.go:59.25,61.3 1 0
github.com/icemarkom/backup-docker/internal/backup/verify.go:64.2,64.36 1 1
github.com/icemarkom/backup-docker/internal/backup/verify.go:64.36,66.18 1 0
github.com/icemarkom/backup-docker/internal/backup/verify.go:66.18,68.4 1 0
github.com/icemarkom/backup-docker/internal/backup/verify.go:69.8,71.18 1 1
github.com/icemarkom/backup-docker/internal/backup/verify.go:71.18,73.4 1 0
github.com/icemarkom/backup-docker/internal/backup/verify.go:76.2,76.17 1 1
github.com/icemarkom/backup-docker/internal/backup/verify.go:76.17,78.3 1 0
github.com/icemarkom/backup-docker/internal/backup/verify.go:80.2,80.12 1 1
github.com/icemarkom/backup-docker/internal/backup/verify.go:84.41,87.16 2 1
github.com/icemarkom/backup-docker/internal/backup/verify.go:87.16,89.3 1 0
github.com/icemarkom/backup-docker/internal/backup/verify.go:90.2,93.17 2 1
github.com/icemarkom/backup-docker/internal/backup/verify.go:93.17,95.3 1 0
github.com/icemarkom/backup-docker/internal/backup/verify.go:96.2,97.16 2 1
github.com/icemarkom/backup-docker/internal/backup/verify.go:97.16,99.3 1 0
github.com/icemarkom/backup-docker/internal/backup/verify.go:102.2,102.17 1 1
github.com/icemarkom/backup-docker/internal/backup/verify.go:102.17,104.3 1 0
github.com/icemarkom/backup-docker/internal/backup/verify.go:105.2,106.16 2 1
github.com/icemarkom/backup-docker/internal/backup/verify.go:106.16,108.3 1 0
github.com/icemarkom/backup-docker/internal/backup/verify.go:111.2,111.17 1 1
github.com/icemarkom/backup-docker/internal/backup/verify.go:111.17,113.3 1 0
github.com/icemarkom/backup-docker/internal/backup/verify.go:114.2,115.16 2 1
github.com/icemarkom/backup-docker/internal/backup/verify.go:115.16,117.3 1 0
github.com/icemarkom/backup-docker/internal/backup/verify.go:119.2,119.17 1 1
github.com/icemarkom/backup-docker/internal/backup/verify.go:119.17,122.3 2 0
github.com/icemarkom/backup-docker/internal/backup/verify.go:124.2,124.12 1 1
github.com/icemarkom/backup-docker/internal/archive/tar.go:13.54,16.16 2 1
github.com/icemarkom/backup-docker/internal/archive/tar.go:16.16,18.3 1 0
github.com/icemarkom/backup-docker/internal/archive/tar.go:21.2,22.16 2 1
github.com/icemarkom/backup-docker/internal/archive/tar.go:22.16,24.3 1 1
github.com/icemarkom/backup-docker/internal/archive/tar.go:26.2,34.83 5 1
github.com/icemarkom/backup-docker/internal/archive/tar.go:34.83,35.17 1 1
github.com/icemarkom/backup-docker/internal/archive/tar.go:35.17,37.4 1 0
github.com/icemarkom/backup-docker/internal/archive/tar.go:40.3,41.17 2 1
github.com/icemarkom/backup-docker/internal/archive/tar.go:41.17,43.4 1 0
github.com/icemarkom/backup-docker/internal/archive/tar.go:48.3,48.25 1 1
github.com/icemarkom/backup-docker/internal/archive/tar.go:48.25,50.18 2 1
github.com/icemarkom/backup-docker/internal/archive/tar.go:50.18,52.5 1 0
github.com/icemarkom/backup-docker/internal/archive/tar.go:53.4,53.25 1 1
github.com/icemarkom/backup-docker/internal/archive/tar.go:54.9,56.23 1 1
github.com/icemarkom/backup-docker/internal/archive/tar.go:56.23,58.5 1 1
github.com/icemarkom/backup-docker/internal/archive/tar.go:58.10,61.5 1 0
github.com/icemarkom/backup-docker/internal/archive/tar.go:65.3,65.36 1 1
github.com/icemarkom/backup-docker/internal/archive/tar.go:65.36,67.18 2 1
github.com/icemarkom/backup-docker/internal/archive/tar.go:67.18,69.5 1 0
github.com/icemarkom/backup-docker/internal/archive/tar.go:70.4,70.32 1 1
github.com/icemarkom/backup-docker/internal/archive/tar.go:74.3,74.48 1 1
github.com/icemarkom/backup-docker/internal/archive/tar.go:74.48,76.4 1 0
github.com/icemarkom/backup-docker/internal/archive/tar.go:79.3,79.28 1 1
github.com/icemarkom/backup-docker/internal/archive/tar.go:79.28,81.18 2 1
github.com/icemarkom/backup-docker/internal/archive/tar.go:81.18,83.5 1 0
github.com/icemarkom/backup-docker/internal/archive/tar.go:84.4,86.44 2 1
github.com/icemarkom/backup-docker/internal/archive/tar.go:86.44,88.5 1 0
github.com/icemarkom/backup-docker/internal/archive/tar.go:91.3,91.13 1 1
github.com/icemarkom/backup-docker/internal/archive/tar.go:96.53,98.52 1 1
github.com/icemarkom/backup-docker/internal/archive/tar.go:98.52,100.3 1 0
github.com/icemarkom/backup-docker/internal/archive/tar.go:103.2,104.16 2 1
github.com/icemarkom/backup-docker/internal/archive/tar.go:104.16,106.3 1 0
github.com/icemarkom/backup-docker/internal/archive/tar.go:108.2,110.6 2 1
github.com/icemarkom/backup-docker/internal/archive/tar.go:110.6,112.20 2 1
github.com/icemarkom/backup-docker/internal/archive/tar.go:112.20,113.9 1 1
github.com/icemarkom/backup-docker/internal/archive/tar.go:115.3,115.17 1 1
github.com/icemarkom/backup-docker/internal/archive/tar.go:115.17,117.4 1 0
github.com/icemarkom/backup-docker/internal/archive/tar.go:120.3,120.54 1 1
github.com/icemarkom/backup-docker/internal/archive/tar.go:120.54,122.4 1 0
github.com/icemarkom/backup-docker/internal/archive/tar.go:125.3,129.30 2 1
github.com/icemarkom/backup-docker/internal/archive/tar.go:129.30,131.4 1 0
github.com/icemarkom/backup-docker/internal/archive/tar.go:134.3,134.26 1 1
github.com/icemarkom/backup-docker/internal/archive/tar.go:135.20,137.76 1 1
github.com/icemarkom/backup-docker/internal/archive/tar.go:137.76,139.5 1 0
github.com/icemarkom/backup-docker/internal/archive/tar.go:141.20,143.70 1 1
github.com/icemarkom/backup-docker/internal/archive/tar.go:143.70,145.5 1 0
github.com/icemarkom/backup-docker/internal/archive/tar.go:148.4,149.18 2 1
github.com/icemarkom/backup-docker/internal/archive/tar.go:149.18,151.5 1 0
github.com/icemarkom/backup-docker/internal/archive/tar.go:153.4,153.50 1 1
github.com/icemarkom/backup-docker/internal/archive/tar.go:153.50,156.5 2 0
github.com/icemarkom/backup-docker/internal/archive/tar.go:157.4,157.19 1 1
github.com/icemarkom/backup-docker/internal/archive/tar.go:159.24,161.70 1 1
github.com/icemarkom/backup-docker/internal/archive/tar.go:161.70,163.5 1 0
github.com/icemarkom/backup-docker/internal/archive/tar.go:166.4,166.66 1 1
github.com/icemarkom/backup-docker/internal/archive/tar.go:166.66,168.5 1 0
github.com/icemarkom/backup-docker/internal/archive/tar.go:170.11,172.111 1 0
github.com/icemarkom/backup-docker/internal/archive/tar.go:176.2,176.12 1 1
github.com/icemarkom/backup-docker/internal/archive/tar.go:180.41,182.26 1 1
github.com/icemarkom/backup-docker/internal/archive/tar.go:182.26,184.3 1 1
github.com/icemarkom/backup-docker/internal/archive/tar.go:187.2,188.79 2 1
github.com/icemarkom/backup-docker/internal/archive/tar.go:188.79,190.3 1 1
github.com/icemarkom/backup-docker/internal/archive/tar.go:192.2,192.12 1 1
github.com/icemarkom/backup-docker/cmd/backup.go:38.13,51.2 10 0
github.com/icemarkom/backup-docker/cmd/backup.go:53.57,55.52 1 0
github.com/icemarkom/backup-docker/cmd/backup.go:55.52,57.3 1 0
github.com/icemarkom/backup-docker/cmd/backup.go:60.2,64.16 2 0
github.com/icemarkom/backup-docker/cmd/backup.go:64.16,66.3 1 0
github.com/icemarkom/backup-docker/cmd/backup.go:69.2,76.62 2 0
github.com/icemarkom/backup-docker/cmd/backup.go:76.62,80.3 1 0
github.com/icemarkom/backup-docker/cmd/backup.go:82.2,83.16 2 0
github.com/icemarkom/backup-docker/cmd/backup.go:83.16,85.3 1 0
github.com/icemarkom/backup-docker/cmd/backup.go:88.2,97.16 3 0
github.com/icemarkom/backup-docker/cmd/backup.go:97.16,99.3 1 0
github.com/icemarkom/backup-docker/cmd/backup.go:101.2,101.20 1 0
github.com/icemarkom/backup-docker/cmd/backup.go:101.20,103.3 1 0
github.com/icemarkom/backup-docker/cmd/backup.go:106.2,106.25 1 0
github.com/icemarkom/backup-docker/cmd/backup.go:106.25,115.17 3 0
github.com/icemarkom/backup-docker/cmd/backup.go:115.17,118.4 1 0
github.com/icemarkom/backup-docker/cmd/backup.go:118.9,118.48 1 0
github.com/icemarkom/backup-docker/cmd/backup.go:118.48,120.4 1 0
github.com/icemarkom/backup-docker/cmd/backup.go:123.2,123.12 1 0
github.com/icemarkom/backup-docker/cmd/list.go:24.13,31.2 4 0
github.com/icemarkom/backup-docker/cmd/list.go:33.55,35.16 2 0
github.com/icemarkom/backup-docker/cmd/list.go:35.16,37.3 1 0
github.com/icemarkom/backup-docker/cmd/list.go:39.2,39.23 1 0
github.com/icemarkom/backup-docker/cmd/list.go:39.23,42.3 2 0
github.com/icemarkom/backup-docker/cmd/list.go:45.2,45.42 1 0
github.com/icemarkom/backup-docker/cmd/list.go:45.42,47.3 1 0
github.com/icemarkom/backup-docker/cmd/list.go:49.2,53.33 4 0
github.com/icemarkom/backup-docker/cmd/list.go:53.33,60.21 5 0
github.com/icemarkom/backup-docker/cmd/list.go:60.21,62.4 1 0
github.com/icemarkom/backup-docker/cmd/list.go:64.3,64.65 1 0
github.com/icemarkom/backup-docker/cmd/list.go:67.2,67.12 1 0
github.com/icemarkom/backup-docker/cmd/list.go:71.40,75.14 3 0
github.com/icemarkom/backup-docker/cmd/list.go:75.14,77.3 1 0
github.com/icemarkom/backup-docker/cmd/list.go:78.2,78.15 1 0
github.com/icemarkom/backup-docker/cmd/list.go:78.15,80.3 1 0
github.com/icemarkom/backup-docker/cmd/list.go:81.2,82.36 2 0
github.com/icemarkom/backup-docker/cmd/restore.go:34.13,45.2 8 0
github.com/icemarkom/backup-docker/cmd/restore.go:47.58,53.16 2 0
github.com/icemarkom/backup-docker/cmd/restore.go:53.16,55.3 1 0
github.com/icemarkom/backup-docker/cmd/restore.go:58.2,65.33 2 0
github.com/icemarkom/backup-docker/cmd/restore.go:65.33,67.3 1 0
github.com/icemarkom/backup-docker/cmd/restore.go:69.2,70.16 2 0
github.com/icemarkom/backup-docker/cmd/restore.go:70.16,72.3 1 0
github.com/icemarkom/backup-docker/cmd/restore.go:75.2,83.58 2 0
github.com/icemarkom/backup-docker/cmd/restore.go:83.58,85.3 1 0
github.com/icemarkom/backup-docker/cmd/restore.go:87.2,87.21 1 0
github.com/icemarkom/backup-docker/cmd/restore.go:87.21,89.3 1 0
github.com/icemarkom/backup-docker/cmd/restore.go:91.2,91.12 1 0
github.com/icemarkom/backup-docker/cmd/root.go:22.22,24.2 1 0
github.com/icemarkom/backup-docker/cmd/root.go:26.14,28.2 0 0
github.com/icemarkom/backup-docker/cmd/verify.go:30.13,40.2 7 0
github.com/icemarkom/backup-docker/cmd/verify.go:42.57,44.17 1 0
github.com/icemarkom/backup-docker/cmd/verify.go:44.17,51.57 2 0
github.com/icemarkom/backup-docker/cmd/verify.go:51.57,53.4 1 0
github.com/icemarkom/backup-docker/cmd/verify.go:55.3,55.21 1 0
github.com/icemarkom/backup-docker/cmd/verify.go:55.21,57.4 1 0
github.com/icemarkom/backup-docker/cmd/verify.go:58.3,58.13 1 0
github.com/icemarkom/backup-docker/cmd/verify.go:62.2,62.28 1 0
github.com/icemarkom/backup-docker/cmd/verify.go:62.28,64.3 1 0
github.com/icemarkom/backup-docker/cmd/verify.go:67.2,71.16 2 0
github.com/icemarkom/backup-docker/cmd/verify.go:71.16,73.3 1 0
github.com/icemarkom/backup-docker/cmd/verify.go:76.2,83.16 3 0
github.com/icemarkom/backup-docker/cmd/verify.go:83.16,85.3 1 0
github.com/icemarkom/backup-docker/cmd/verify.go:88.2,96.56 2 0
github.com/icemarkom/backup-docker/cmd/verify.go:96.56,98.3 1 0
github.com/icemarkom/backup-docker/cmd/verify.go:100.2,100.20 1 0
github.com/icemarkom/backup-docker/cmd/verify.go:100.20,102.3 1 0
github.com/icemarkom/backup-docker/cmd/verify.go:104.2,104.12 1 0
github.com/icemarkom/backup-docker/main.go:10.13,11.38 1 0
github.com/icemarkom/backup-docker/main.go:11.38,14.3 2 0
github.com/icemarkom/backup-docker/internal/encrypt/encrypt.go:30.50,32.22 1 1
github.com/icemarkom/backup-docker/internal/encrypt/encrypt.go:32.22,34.3 1 1
github.com/icemarkom/backup-docker/internal/encrypt/encrypt.go:36.2,36.20 1 1
github.com/icemarkom/backup-docker/internal/encrypt/encrypt.go:37.13,38.30 1 1
github.com/icemarkom/backup-docker/internal/encrypt/encrypt.go:39.13,41.63 1 1
github.com/icemarkom/backup-docker/internal/encrypt/encrypt.go:42.10,43.70 1 1
github.com/icemarkom/backup-docker/internal/encrypt/gpg.go:21.57,28.2 1 1
github.com/icemarkom/backup-docker/internal/encrypt/gpg.go:31.72,34.16 2 1
github.com/icemarkom/backup-docker/internal/encrypt/gpg.go:34.16,36.3 1 1
github.com/icemarkom/backup-docker/internal/encrypt/gpg.go:38.2,40.12 2 0
github.com/icemarkom/backup-docker/internal/encrypt/gpg.go:40.12,45.17 3 0
github.com/icemarkom/backup-docker/internal/encrypt/gpg.go:45.17,48.4 2 0
github.com/icemarkom/backup-docker/internal/encrypt/gpg.go:49.3,53.17 3 0
github.com/icemarkom/backup-docker/internal/encrypt/gpg.go:53.17,56.4 2 0
github.com/icemarkom/backup-docker/internal/encrypt/gpg.go:57.3,60.58 2 0
github.com/icemarkom/backup-docker/internal/encrypt/gpg.go:60.58,63.4 2 0
github.com/icemarkom/backup-docker/internal/encrypt/gpg.go:65.3,65.43 1 0
github.com/icemarkom/backup-docker/internal/encrypt/gpg.go:65.43,68.4 2 0
github.com/icemarkom/backup-docker/internal/encrypt/gpg.go:70.3,70.45 1 0
github.com/icemarkom/backup-docker/internal/encrypt/gpg.go:70.45,73.4 2 0
github.com/icemarkom/backup-docker/internal/encrypt/gpg.go:76.2,76.16 1 0
github.com/icemarkom/backup-docker/internal/encrypt/gpg.go:80.73,83.16 2 1
github.com/icemarkom/backup-docker/internal/encrypt/gpg.go:83.16,85.3 1 1
github.com/icemarkom/backup-docker/internal/encrypt/gpg.go:88.2,88.33 1 0
github.com/icemarkom/backup-docker/internal/encrypt/gpg.go:88.33,89.62 1 0
github.com/icemarkom/backup-docker/internal/encrypt/gpg.go:89.62,90.66 1 0
github.com/icemarkom/backup-docker/internal/encrypt/gpg.go:90.66,92.5 1 0
github.com/icemarkom/backup-docker/internal/encrypt/gpg.go:94.3,94.41 1 0
github.com/icemarkom/backup-docker/internal/encrypt/gpg.go:94.41,95.63 1 0
github.com/icemarkom/backup-docker/internal/encrypt/gpg.go:95.63,96.67 1 0
github.com/icemarkom/backup-docker/internal/encrypt/gpg.go:96.67,98.6 1 0
github.com/icemarkom/backup-docker/internal/encrypt/gpg.go:104.2,106.16 3 0
github.com/icemarkom/backup-docker/internal/encrypt/gpg.go:106.16,108.3 1 0
github.com/icemarkom/backup-docker/internal/encrypt/gpg.go:108.8,111.3 1 0
github.com/icemarkom/backup-docker/internal/encrypt/gpg.go:114.2,115.16 2 0
github.com/icemarkom/backup-docker/internal/encrypt/gpg.go:115.16,117.3 1 0
github.com/icemarkom/backup-docker/internal/encrypt/gpg.go:119.2,119.31 1 0
github.com/icemarkom/backup-docker/internal/encrypt/gpg.go:123.38,125.2 1 1
github.com/icemarkom/backup-docker/internal/encrypt/gpg.go:128.72,129.27 1 1
github.com/icemarkom/backup-docker/internal/encrypt/gpg.go:129.27,131.3 1 1
github.com/icemarkom/backup-docker/internal/encrypt/gpg.go:133.2,134.16 2 1
github.com/icemarkom/backup-docker/internal/encrypt/gpg.go:134.16,136.3 1 1
github.com/icemarkom/backup-docker/internal/encrypt/gpg.go:137.2,141.16 3 0
github.com/icemarkom/backup-docker/internal/encrypt/gpg.go:141.16,145.17 3 0
github.com/icemarkom/backup-docker/internal/encrypt/gpg.go:145.17,147.4 1 0
github.com/icemarkom/backup-docker/internal/encrypt/gpg.go:150.2,150.23 1 0
github.com/icemarkom/backup-docker/internal/encrypt/gpg.go:150.23,152.3 1 0
github.com/icemarkom/backup-docker/internal/encrypt/gpg.go:154.2,154.21 1 0
github.com/icemarkom/backup-docker/internal/encrypt/gpg.go:158.73,159.28 1 1
github.com/icemarkom/backup-docker/internal/encrypt/gpg.go:159.28,161.3 1 1
github.com/icemarkom/backup-docker/internal/encrypt/gpg.go:163.2,164.16 2 1
github.com/icemarkom/backup-docker/internal/encrypt/gpg.go:164.16,166.3 1 1
github.com/icemarkom/backup-docker/internal/encrypt/gpg.go:167.2,171.16 3 0
github.com/icemarkom/backup-docker/internal/encrypt/gpg.go:171.16,175.17 3 0
github.com/icemarkom/backup-docker/internal/encrypt/gpg.go:175.17,177.4 1 0
github.com/icemarkom/backup-docker/internal/encrypt/gpg.go:180.2,180.23 1 0
github.com/icemarkom/backup-docker/internal/encrypt/gpg.go:180.23,182.3 1 0
github.com/icemarkom/backup-docker/internal/encrypt/gpg.go:184.2,184.21 1 0
